0 info it worked if it ends with ok
1 verbose cli [ '/usr/local/bin/node', '/usr/local/bin/npm', 'run', 'lint' ]
2 info using npm@1.3.14
3 info using node@v0.10.22
4 verbose run-script [ 'prelint', 'lint', 'postlint' ]
5 info prelint converter@0.1.0
6 info lint converter@0.1.0
7 verbose unsafe-perm in lifecycle true
8 info converter@0.1.0 Failed to exec lint script
9 error converter@0.1.0 lint: `./node_modules/.bin/jshint --verbose .`
9 error Exit status 2
10 error Failed at the converter@0.1.0 lint script.
10 error This is most likely a problem with the converter package,
10 error not with npm itself.
10 error Tell the author that this fails on your system:
10 error     ./node_modules/.bin/jshint --verbose .
10 error You can get their info via:
10 error     npm owner ls converter
10 error There is likely additional logging output above.
11 error System Linux 3.2.0-4-686-pae
12 error command "/usr/local/bin/node" "/usr/local/bin/npm" "run" "lint"
13 error cwd /home/thibaultzanini/montage-app/converter
14 error node -v v0.10.22
15 error npm -v 1.3.14
16 error code ELIFECYCLE
17 verbose exit [ 1, true ]
